<?xml version="1.0" encoding="UTF-8"?>
<!-- Generated by org.testng.reporters.JUnitReportReporter -->
<testsuite hostname="DESKTOP-SRU0R49" failures="0" tests="3" name="codeinbx.codeinbx.AppTest" time="3.221" errors="0" timestamp="2025-04-23T12:48:29 EET" skipped="1">
  <testcase classname="codeinbx.codeinbx.AppTest" name="Dynamic_Dropdown" time="2.124"/>
  <testcase classname="codeinbx.codeinbx.AppTest" name="StaticDropDown" time="1.097"/>
  <testcase classname="codeinbx.codeinbx.AppTest" name="RadioButton">
    <skipped/>
  </testcase> <!-- RadioButton -->
</testsuite> <!-- codeinbx.codeinbx.AppTest -->
